SingerSongwriter/app/build/outputs/logs/manifest-merger-debug-report.txt
-- Merging decision tree log ---
manifest
ADDED from src\main\AndroidManifest.xml:16:1-94:12
	package
		ADDED from src\main\AndroidManifest.xml:17:5-30
		INJECTED from src\main\AndroidManifest.xml
		INJECTED from src\main\AndroidManifest.xml
	android:versionName
		INJECTED from src\main\AndroidManifest.xml
		INJECTED from src\main\AndroidManifest.xml
	xmlns:android
		ADDED from src\main\AndroidManifest.xml:16:11-69
	android:versionCode
		INJECTED from src\main\AndroidManifest.xml
		INJECTED from src\main\AndroidManifest.xml
uses-permission#android.permission.INTERNET
ADDED from src\main\AndroidManifest.xml:19:5-67
	android:name
		ADDED from src\main\AndroidManifest.xml:19:22-64
uses-permission#android.permission.ACCESS_NETWORK_STATE
ADDED from src\main\AndroidManifest.xml:20:5-79
	android:name
		ADDED from src\main\AndroidManifest.xml:20:22-76
uses-permission#android.permission.ACCESS_WIFI_STATE
ADDED from src\main\AndroidManifest.xml:21:5-76
	android:name
		ADDED from src\main\AndroidManifest.xml:21:22-73
uses-permission#android.permission.READ_EXTERNAL_STORAGE
ADDED from src\main\AndroidManifest.xml:23:5-80
	android:name
		ADDED from src\main\AndroidManifest.xml:23:22-77
uses-permission#android.permission.WRITE_EXTERNAL_STORAGE
ADDED from src\main\AndroidManifest.xml:24:5-81
	android:name
		ADDED from src\main\AndroidManifest.xml:24:22-78
uses-permission#android.permission.RECORD_AUDIO
ADDED from src\main\AndroidManifest.xml:26:5-71
	android:name
		ADDED from src\main\AndroidManifest.xml:26:22-68
uses-permission#android.permission.LOCATION_HARDWARE
ADDED from src\main\AndroidManifest.xml:27:5-76
	android:name
		ADDED from src\main\AndroidManifest.xml:27:22-73
application
ADDED from src\main\AndroidManifest.xml:29:5-93:19
MERGED from [com.android.support:appcompat-v7:23.1.0] AndroidManifest.xml:22:5-20
MERGED from [com.android.support:support-v4:23.1.0] AndroidManifest.xml:22:5-20
MERGED from [com.android.support:support-v4:23.1.0] AndroidManifest.xml:22:5-20
MERGED from [com.facebook.android:facebook-android-sdk:4.6.0] AndroidManifest.xml:28:5-20
MERGED from [com.android.support:support-v4:23.1.0] AndroidManifest.xml:22:5-20
	android:label
		ADDED from src\main\AndroidManifest.xml:32:9-41
	android:allowBackup
		ADDED from src\main\AndroidManifest.xml:30:9-35
	android:icon
		ADDED from src\main\AndroidManifest.xml:31:9-43
	android:theme
		ADDED from src\main\AndroidManifest.xml:33:9-40
	android:name
		ADDED from src\main\AndroidManifest.xml:34:9-51
activity#com.mysampleapp.SplashActivity
ADDED from src\main\AndroidManifest.xml:36:9-44:20
	android:label
		ADDED from src\main\AndroidManifest.xml:38:13-45
	android:configChanges
		ADDED from src\main\AndroidManifest.xml:39:13-83
	android:name
		ADDED from src\main\AndroidManifest.xml:37:13-43
intent-filter#android.intent.action.MAIN+android.intent.category.LAUNCHER
ADDED from src\main\AndroidManifest.xml:40:13-43:29
action#android.intent.action.MAIN
ADDED from src\main\AndroidManifest.xml:41:17-69
	android:name
		ADDED from src\main\AndroidManifest.xml:41:25-66
category#android.intent.category.LAUNCHER
ADDED from src\main\AndroidManifest.xml:42:17-77
	android:name
		ADDED from src\main\AndroidManifest.xml:42:27-74
activity#com.mysampleapp.SignInActivity
ADDED from src\main\AndroidManifest.xml:45:9-50:20
	android:label
		ADDED from src\main\AndroidManifest.xml:47:13-59
	android:configChanges
		ADDED from src\main\AndroidManifest.xml:48:13-83
	android:name
		ADDED from src\main\AndroidManifest.xml:46:13-43
activity#com.mysampleapp.MainActivity
ADDED from src\main\AndroidManifest.xml:51:9-54:20
	android:label
		ADDED from src\main\AndroidManifest.xml:53:13-56
	android:name
		ADDED from src\main\AndroidManifest.xml:52:13-41
activity#com.facebook.FacebookActivity
ADDED from src\main\AndroidManifest.xml:58:9-62:75
	android:label
		ADDED from src\main\AndroidManifest.xml:61:13-45
	android:configChanges
		ADDED from src\main\AndroidManifest.xml:60:13-96
	android:theme
		ADDED from src\main\AndroidManifest.xml:62:13-72
	android:name
		ADDED from src\main\AndroidManifest.xml:59:13-57
activity#com.amazonS3.TransferActivity
ADDED from src\main\AndroidManifest.xml:63:9-64:40
	android:label
		ADDED from src\main\AndroidManifest.xml:64:13-37
	android:name
		ADDED from src\main\AndroidManifest.xml:63:19-63
activity#com.amazonS3.DownloadActivity
ADDED from src\main\AndroidManifest.xml:65:9-67:57
	android:label
		ADDED from src\main\AndroidManifest.xml:67:13-54
	android:name
		ADDED from src\main\AndroidManifest.xml:66:13-57
activity#com.amazonS3.UploadActivity
ADDED from src\main\AndroidManifest.xml:68:9-70:55
	android:label
		ADDED from src\main\AndroidManifest.xml:70:13-52
	android:name
		ADDED from src\main\AndroidManifest.xml:69:13-55
activity#com.amazonS3.DownloadSelectionActivity
ADDED from src\main\AndroidManifest.xml:71:9-73:67
	android:label
		ADDED from src\main\AndroidManifest.xml:73:13-64
	android:name
		ADDED from src\main\AndroidManifest.xml:72:13-66
activity#com.musicUtil.MusicPlayerActivity
ADDED from src\main\AndroidManifest.xml:74:9-76:45
	android:label
		ADDED from src\main\AndroidManifest.xml:76:13-43
	android:name
		ADDED from src\main\AndroidManifest.xml:75:13-61
activity#com.musicUtil.PlayMusicSelect
ADDED from src\main\AndroidManifest.xml:78:9-80:47
	android:label
		ADDED from src\main\AndroidManifest.xml:80:13-44
	android:name
		ADDED from src\main\AndroidManifest.xml:79:13-57
service#com.amazonaws.mobileconnectors.s3.transferutility.TransferService
ADDED from src\main\AndroidManifest.xml:82:9-84:38
	android:enabled
		ADDED from src\main\AndroidManifest.xml:84:13-35
	android:name
		ADDED from src\main\AndroidManifest.xml:83:13-93
meta-data#com.facebook.sdk.ApplicationId
ADDED from src\main\AndroidManifest.xml:86:9-108
	android:value
		ADDED from src\main\AndroidManifest.xml:86:66-105
	android:name
		ADDED from src\main\AndroidManifest.xml:86:20-65
activity#com.musicUtil.RecordActivity
ADDED from src\main\AndroidManifest.xml:87:9-89:20
	android:name
		ADDED from src\main\AndroidManifest.xml:88:13-56
uses-sdk
INJECTED from src\main\AndroidManifest.xml reason: use-sdk injection requested
MERGED from [com.android.support:multidex:1.0.1] AndroidManifest.xml:18:5-42
MERGED from [com.android.support:appcompat-v7:23.1.0] AndroidManifest.xml:20:5-43
MERGED from [com.android.support:support-v4:23.1.0] AndroidManifest.xml:20:5-43
MERGED from [com.android.support:support-v4:23.1.0] AndroidManifest.xml:20:5-43
MERGED from [com.facebook.android:facebook-android-sdk:4.6.0] AndroidManifest.xml:24:5-26:41
MERGED from [com.android.support:support-v4:23.1.0] AndroidManifest.xml:20:5-43
	android:targetSdkVersion
		INJECTED from src\main\AndroidManifest.xml
		INJECTED from src\main\AndroidManifest.xml
	android:minSdkVersion
		INJECTED from src\main\AndroidManifest.xml
		INJECTED from src\main\AndroidManifest.xml